[2026-04-28 23:59:07] Logger inicializado en C:/Users/clara/OneDrive - UNIVERSIDAD BLAS PASCAL/Escritorio/UBP/POO/ejercicios/ejercicio8/codigo/logs/editor_multilenguaje.log
[2026-04-28 23:59:07] Aplicacion iniciada. Configuracion cargada desde C:/Users/clara/OneDrive - UNIVERSIDAD BLAS PASCAL/Escritorio/UBP/POO/ejercicios/ejercicio8/codigo/config/app.ini
[2026-04-28 23:59:07] [Login] Pantalla activada por el controlador.
[2026-04-29 00:01:15] Logger inicializado en C:/Users/clara/OneDrive - UNIVERSIDAD BLAS PASCAL/Escritorio/UBP/POO/ejercicios/ejercicio8/codigo/logs/editor_multilenguaje.log
[2026-04-29 00:01:15] Aplicacion iniciada. Configuracion cargada desde C:/Users/clara/OneDrive - UNIVERSIDAD BLAS PASCAL/Escritorio/UBP/POO/ejercicios/ejercicio8/codigo/config/app.ini
[2026-04-29 00:01:15] [Login] Pantalla activada por el controlador.
[2026-04-29 00:01:29] [Login] Login exitoso para admin.
[2026-04-29 00:01:29] Login valido para el usuario admin. Se abre el editor en pantalla completa.
[2026-04-29 00:01:29] [EditorPrincipal] Pantalla activada por el controlador.
[2026-04-29 00:01:42] [EditorPrincipal] Error de sintaxis en linea 11: Revisa parentesis, llaves o corchetes en esta linea de C++.
[2026-04-29 00:01:42] [EditorPrincipal] Error de sintaxis en linea 9: Revisa parentesis, llaves o corchetes en esta linea de C++.
[2026-04-29 00:01:42] [EditorPrincipal] Error de sintaxis en linea 7: Revisa parentesis, llaves o corchetes en esta linea de C++.
[2026-04-29 00:01:42] [EditorPrincipal] Error de sintaxis en linea 5: Revisa parentesis, llaves o corchetes en esta linea de C++.
[2026-04-29 00:01:42] [EditorPrincipal] Error de sintaxis en linea 3: Revisa parentesis, llaves o corchetes en esta linea de C++.
[2026-04-29 00:01:46] [EditorPrincipal] Error de sintaxis en linea 10: En C++ esta linea suele terminar en ';' o abrir un bloque con '{'.
[2026-04-29 00:01:54] [EditorPrincipal] Lenguaje activo cambiado a Python.
[2026-04-29 00:02:03] [EditorPrincipal] Lenguaje activo cambiado a C++.
[2026-04-29 00:02:08] [EditorPrincipal] Error de sintaxis en linea 11: Revisa parentesis, llaves o corchetes en esta linea de C++.
[2026-04-29 00:02:34] [EditorPrincipal] Error de sintaxis en linea 13: En C++ esta linea suele terminar en ';' o abrir un bloque con '{'.
[2026-04-29 00:02:37] [EditorPrincipal] Plantilla base recargada para C++.
[2026-04-29 00:02:41] [EditorPrincipal] Codigo exportado a C:/Users/clara/OneDrive - UNIVERSIDAD BLAS PASCAL/Escritorio/UBP/POO/ejercicios/ejercicio8/codigo/exports/codigo_cpp_20260429_000241.jpg.
[2026-04-29 00:02:48] [EditorPrincipal] Error de sintaxis en linea 9: Revisa parentesis, llaves o corchetes en esta linea de C++.
[2026-04-29 00:02:50] [EditorPrincipal] Error de sintaxis en linea 10: En C++ esta linea suele terminar en ';' o abrir un bloque con '{'.
[2026-04-29 00:02:50] [EditorPrincipal] La ventana principal recibio el foco.
[2026-04-29 00:02:52] [EditorPrincipal] La ventana principal perdio el foco.
[2026-04-29 00:03:02] [EditorPrincipal] La linea 10 volvio a ser valida para C++.
[2026-04-29 00:03:04] [EditorPrincipal] Error de sintaxis en linea 1: En C++ esta linea suele terminar en ';' o abrir un bloque con '{'.
[2026-04-29 00:03:14] [EditorPrincipal] La linea 1 volvio a ser valida para C++.
[2026-04-29 00:03:38] [EditorPrincipal] La ventana principal recibio el foco.
[2026-04-29 00:03:43] [EditorPrincipal] La ventana principal perdio el foco.
[2026-04-29 00:03:46] [EditorPrincipal] La ventana principal recibio el foco.
[2026-04-29 00:03:49] [EditorPrincipal] La ventana principal perdio el foco.
[2026-04-29 00:03:51] [EditorPrincipal] La linea 9 volvio a ser valida para C++.
[2026-04-29 00:04:00] [EditorPrincipal] Error de sintaxis en linea 5: Revisa parentesis, llaves o corchetes en esta linea de C++.
[2026-04-29 00:04:05] [EditorPrincipal] Lenguaje activo cambiado a Java.
[2026-04-29 00:04:17] [EditorPrincipal] Cierre confirmado desde el editor.
[2026-04-29 00:08:46] Logger inicializado en C:/Users/clara/OneDrive - UNIVERSIDAD BLAS PASCAL/Escritorio/UBP/POO/ejercicios/ejercicio8/codigo/logs/editor_multilenguaje.log
[2026-04-29 00:08:46] Aplicacion iniciada. Configuracion cargada desde C:/Users/clara/OneDrive - UNIVERSIDAD BLAS PASCAL/Escritorio/UBP/POO/ejercicios/ejercicio8/codigo/config/app.ini
[2026-04-29 00:08:46] [Login] Pantalla activada por el controlador.
[2026-04-29 00:10:26] Logger inicializado en C:/Users/clara/OneDrive - UNIVERSIDAD BLAS PASCAL/Escritorio/UBP/POO/ejercicios/ejercicio8/codigo/logs/editor_multilenguaje.log
[2026-04-29 00:10:26] Aplicacion iniciada. Configuracion cargada desde C:/Users/clara/OneDrive - UNIVERSIDAD BLAS PASCAL/Escritorio/UBP/POO/ejercicios/ejercicio8/codigo/config/app.ini
[2026-04-29 00:10:26] [Login] Pantalla activada por el controlador.
[2026-04-29 00:10:39] [Login] Login exitoso para admin.
[2026-04-29 00:10:39] Login valido para el usuario admin. Se abre el editor en pantalla completa.
[2026-04-29 00:10:39] [EditorPrincipal] Pantalla activada por el controlador.
[2026-04-29 00:10:44] [EditorPrincipal] Error de sintaxis en linea 1: Formato invalido de #include. Usa #include <archivo> o #include "archivo".
[2026-04-29 00:10:50] [EditorPrincipal] La linea 1 volvio a ser valida para C++.
[2026-04-29 00:11:38] [EditorPrincipal] Se presiono el boton de cierre del editor.
[2026-04-29 00:11:40] [EditorPrincipal] Codigo exportado a C:/Users/clara/OneDrive - UNIVERSIDAD BLAS PASCAL/Escritorio/UBP/POO/ejercicios/ejercicio8/codigo/exports/codigo_cpp_20260429_001140.jpg.
[2026-04-29 00:11:40] [EditorPrincipal] Cierre confirmado desde el editor.
[2026-04-29 00:17:50] Logger inicializado en C:/Users/clara/OneDrive - UNIVERSIDAD BLAS PASCAL/Escritorio/UBP/POO/ejercicios/ejercicio8/codigo/logs/editor_multilenguaje.log
[2026-04-29 00:17:50] Aplicacion iniciada. Configuracion cargada desde C:/Users/clara/OneDrive - UNIVERSIDAD BLAS PASCAL/Escritorio/UBP/POO/ejercicios/ejercicio8/codigo/config/app.ini
[2026-04-29 00:17:50] [Login] Pantalla activada por el controlador.
[2026-04-29 00:17:56] [Login] Login exitoso para admin.
[2026-04-29 00:17:56] Login valido para el usuario admin. Se abre el editor en pantalla completa.
[2026-04-29 00:17:56] [EditorPrincipal] Pantalla activada por el controlador.
[2026-04-29 00:18:14] [EditorPrincipal] La ventana principal recibio el foco.
[2026-04-29 00:18:15] [EditorPrincipal] La ventana principal perdio el foco.
[2026-04-29 00:18:15] [EditorPrincipal] Se presiono el boton de cierre del editor.
[2026-04-29 00:18:16] [EditorPrincipal] Cierre confirmado desde el editor.
[2026-04-29 00:20:45] Logger inicializado en C:/Users/clara/OneDrive - UNIVERSIDAD BLAS PASCAL/Escritorio/UBP/POO/ejercicios/ejercicio8/codigo/logs/editor_multilenguaje.log
[2026-04-29 00:20:45] Aplicacion iniciada. Configuracion cargada desde C:/Users/clara/OneDrive - UNIVERSIDAD BLAS PASCAL/Escritorio/UBP/POO/ejercicios/ejercicio8/codigo/config/app.ini
[2026-04-29 00:20:45] [Login] Pantalla activada por el controlador.
[2026-04-29 00:20:49] [Login] La pantalla recibio el foco.
[2026-04-29 00:20:56] [Login] La pantalla perdio el foco.
[2026-04-29 00:20:57] [Login] La pantalla recibio el foco.
[2026-04-29 00:20:57] [Login] Cierre confirmado por el usuario.
[2026-04-29 00:20:57] [Login] La pantalla perdio el foco.
[2026-04-29 00:21:38] Logger inicializado en C:/Users/clara/OneDrive - UNIVERSIDAD BLAS PASCAL/Escritorio/UBP/POO/ejercicios/ejercicio8/codigo/logs/editor_multilenguaje.log
[2026-04-29 00:21:38] Aplicacion iniciada. Configuracion cargada desde C:/Users/clara/OneDrive - UNIVERSIDAD BLAS PASCAL/Escritorio/UBP/POO/ejercicios/ejercicio8/codigo/config/app.ini
[2026-04-29 00:21:38] [Login] Pantalla activada por el controlador.
[2026-04-29 00:21:48] [Login] Cierre confirmado por el usuario.
[2026-04-29 00:22:43] Logger inicializado en C:/Users/clara/OneDrive - UNIVERSIDAD BLAS PASCAL/Escritorio/UBP/POO/ejercicios/ejercicio8/codigo/logs/editor_multilenguaje.log
[2026-04-29 00:22:43] Aplicacion iniciada. Configuracion cargada desde C:/Users/clara/OneDrive - UNIVERSIDAD BLAS PASCAL/Escritorio/UBP/POO/ejercicios/ejercicio8/codigo/config/app.ini
[2026-04-29 00:22:43] [Login] Pantalla activada por el controlador.
[2026-04-29 00:22:51] [Login] Cierre confirmado por el usuario.
[2026-04-29 00:23:27] Logger inicializado en C:/Users/clara/OneDrive - UNIVERSIDAD BLAS PASCAL/Escritorio/UBP/POO/ejercicios/ejercicio8/codigo/logs/editor_multilenguaje.log
[2026-04-29 00:23:27] Aplicacion iniciada. Configuracion cargada desde C:/Users/clara/OneDrive - UNIVERSIDAD BLAS PASCAL/Escritorio/UBP/POO/ejercicios/ejercicio8/codigo/config/app.ini
[2026-04-29 00:23:27] [Login] Pantalla activada por el controlador.
[2026-04-29 00:23:33] [Login] Login fallido para admin. Intento 1 de 3.
[2026-04-29 00:23:33] [Login] La pantalla recibio el foco.
[2026-04-29 00:23:33] [Login] La pantalla perdio el foco.
[2026-04-29 00:23:36] [Login] Login fallido para admin. Intento 2 de 3.
[2026-04-29 00:23:36] [Login] La pantalla recibio el foco.
[2026-04-29 00:23:36] [Login] La pantalla perdio el foco.
[2026-04-29 00:23:38] [Login] Login fallido para admin. Intento 3 de 3.
[2026-04-29 00:23:38] [Login] La pantalla recibio el foco.
[2026-04-29 00:23:38] [Login] La pantalla perdio el foco.
[2026-04-29 00:23:38] [ModoBloqueado] Bloqueo iniciado por 15 segundos.
[2026-04-29 00:23:38] Se activa ModoBloqueado por 15 segundos.
[2026-04-29 00:23:38] [ModoBloqueado] Pantalla activada por el controlador.
[2026-04-29 00:23:38] [ModoBloqueado] La pantalla de bloqueo recibio el foco.
[2026-04-29 00:23:43] [ModoBloqueado] La pantalla de bloqueo perdio el foco.
[2026-04-29 00:23:44] [ModoBloqueado] La pantalla de bloqueo recibio el foco.
[2026-04-29 00:23:44] [ModoBloqueado] Cierre confirmado durante el bloqueo.
[2026-04-29 00:23:44] [ModoBloqueado] La pantalla de bloqueo perdio el foco.
[2026-04-29 00:25:02] Logger inicializado en C:/Users/clara/OneDrive - UNIVERSIDAD BLAS PASCAL/Escritorio/UBP/POO/ejercicios/ejercicio8/codigo/logs/editor_multilenguaje.log
[2026-04-29 00:25:02] Aplicacion iniciada. Configuracion cargada desde C:/Users/clara/OneDrive - UNIVERSIDAD BLAS PASCAL/Escritorio/UBP/POO/ejercicios/ejercicio8/codigo/config/app.ini
[2026-04-29 00:25:02] [Login] Pantalla activada por el controlador.
[2026-04-29 00:25:07] [Login] Intento de login con campos incompletos.
[2026-04-29 00:25:07] [Login] Intento de login con campos incompletos.
[2026-04-29 00:25:10] [Login] Login fallido para admin. Intento 1 de 3.
[2026-04-29 00:25:10] [Login] La pantalla recibio el foco.
[2026-04-29 00:25:10] [Login] La pantalla perdio el foco.
[2026-04-29 00:25:11] [Login] Login fallido para admin. Intento 2 de 3.
[2026-04-29 00:25:11] [Login] La pantalla recibio el foco.
[2026-04-29 00:25:11] [Login] La pantalla perdio el foco.
[2026-04-29 00:25:12] [Login] Login fallido para admin. Intento 3 de 3.
[2026-04-29 00:25:12] [Login] La pantalla recibio el foco.
[2026-04-29 00:25:12] [Login] La pantalla perdio el foco.
[2026-04-29 00:25:12] [ModoBloqueado] Bloqueo iniciado por 15 segundos.
[2026-04-29 00:25:12] Se activa ModoBloqueado por 15 segundos.
[2026-04-29 00:25:12] [ModoBloqueado] Pantalla activada por el controlador.
[2026-04-29 00:25:12] [ModoBloqueado] La pantalla de bloqueo recibio el foco.
[2026-04-29 00:25:16] [ModoBloqueado] La pantalla de bloqueo perdio el foco.
[2026-04-29 00:25:17] [ModoBloqueado] La pantalla de bloqueo recibio el foco.
[2026-04-29 00:25:17] [ModoBloqueado] Cierre confirmado durante el bloqueo.
[2026-04-29 00:25:17] [ModoBloqueado] La pantalla de bloqueo perdio el foco.
[2026-04-29 00:25:58] Logger inicializado en C:/Users/clara/OneDrive - UNIVERSIDAD BLAS PASCAL/Escritorio/UBP/POO/ejercicios/ejercicio8/codigo/logs/editor_multilenguaje.log
[2026-04-29 00:25:58] Aplicacion iniciada. Configuracion cargada desde C:/Users/clara/OneDrive - UNIVERSIDAD BLAS PASCAL/Escritorio/UBP/POO/ejercicios/ejercicio8/codigo/config/app.ini
[2026-04-29 00:25:58] [Login] Pantalla activada por el controlador.
[2026-04-29 00:26:02] [Login] Login fallido para admin. Intento 1 de 3.
[2026-04-29 00:26:02] [Login] Intento de login con campos incompletos.
[2026-04-29 00:26:04] [Login] Login fallido para admin. Intento 2 de 3.
[2026-04-29 00:26:04] [Login] Intento de login con campos incompletos.
[2026-04-29 00:26:04] [Login] Login fallido para admin. Intento 3 de 3.
[2026-04-29 00:26:04] [ModoBloqueado] Bloqueo iniciado por 15 segundos.
[2026-04-29 00:26:04] Se activa ModoBloqueado por 15 segundos.
[2026-04-29 00:26:04] [ModoBloqueado] Pantalla activada por el controlador.
[2026-04-29 00:26:04] [Login] Intento de login con campos incompletos.
[2026-04-29 00:26:04] [ModoBloqueado] La pantalla de bloqueo recibio el foco.
[2026-04-29 00:26:11] [ModoBloqueado] La pantalla de bloqueo perdio el foco.
[2026-04-29 00:26:12] [ModoBloqueado] La pantalla de bloqueo recibio el foco.
[2026-04-29 00:26:12] [ModoBloqueado] Cierre confirmado durante el bloqueo.
[2026-04-29 00:26:12] [ModoBloqueado] La pantalla de bloqueo perdio el foco.
[2026-04-29 00:26:48] Logger inicializado en C:/Users/clara/OneDrive - UNIVERSIDAD BLAS PASCAL/Escritorio/UBP/POO/ejercicios/ejercicio8/codigo/logs/editor_multilenguaje.log
[2026-04-29 00:26:48] Aplicacion iniciada. Configuracion cargada desde C:/Users/clara/OneDrive - UNIVERSIDAD BLAS PASCAL/Escritorio/UBP/POO/ejercicios/ejercicio8/codigo/config/app.ini
[2026-04-29 00:26:48] [Login] Pantalla activada por el controlador.
[2026-04-29 00:26:51] [Login] Intento de login con campos incompletos.
[2026-04-29 00:26:51] [Login] Intento de login con campos incompletos.
[2026-04-29 00:26:52] [Login] Login fallido para admin. Intento 1 de 3.
[2026-04-29 00:26:52] [Login] Intento de login con campos incompletos.
[2026-04-29 00:26:53] [Login] Login fallido para admin. Intento 2 de 3.
[2026-04-29 00:26:53] [Login] Intento de login con campos incompletos.
[2026-04-29 00:26:53] [Login] Login fallido para admin. Intento 3 de 3.
[2026-04-29 00:26:53] [ModoBloqueado] Bloqueo iniciado por 15 segundos.
[2026-04-29 00:26:53] Se activa ModoBloqueado por 15 segundos.
[2026-04-29 00:26:53] [ModoBloqueado] Pantalla activada por el controlador.
[2026-04-29 00:26:54] [Login] Intento de login con campos incompletos.
[2026-04-29 00:26:54] [ModoBloqueado] La pantalla de bloqueo recibio el foco.
[2026-04-29 00:26:57] [ModoBloqueado] La pantalla de bloqueo perdio el foco.
[2026-04-29 00:26:59] [ModoBloqueado] La pantalla de bloqueo recibio el foco.
[2026-04-29 00:26:59] [ModoBloqueado] Cierre confirmado durante el bloqueo.
[2026-04-29 00:26:59] [ModoBloqueado] La pantalla de bloqueo perdio el foco.
[2026-04-29 00:27:38] Logger inicializado en C:/Users/clara/OneDrive - UNIVERSIDAD BLAS PASCAL/Escritorio/UBP/POO/ejercicios/ejercicio8/codigo/logs/editor_multilenguaje.log
[2026-04-29 00:27:38] Aplicacion iniciada. Configuracion cargada desde C:/Users/clara/OneDrive - UNIVERSIDAD BLAS PASCAL/Escritorio/UBP/POO/ejercicios/ejercicio8/codigo/config/app.ini
[2026-04-29 00:27:38] [Login] Pantalla activada por el controlador.
[2026-04-29 00:27:44] [Login] Login fallido para admin. Intento 1 de 3.
[2026-04-29 00:27:44] [Login] Intento de login con campos incompletos.
[2026-04-29 00:27:45] [Login] Login fallido para admin. Intento 2 de 3.
[2026-04-29 00:27:45] [Login] Intento de login con campos incompletos.
[2026-04-29 00:27:45] [Login] Login fallido para admin. Intento 3 de 3.
[2026-04-29 00:27:45] [ModoBloqueado] Bloqueo iniciado por 15 segundos.
[2026-04-29 00:27:45] Se activa ModoBloqueado por 15 segundos.
[2026-04-29 00:27:45] [ModoBloqueado] Pantalla activada por el controlador.
[2026-04-29 00:27:45] [Login] Intento de login con campos incompletos.
[2026-04-29 00:27:45] [ModoBloqueado] La pantalla de bloqueo recibio el foco.
[2026-04-29 00:27:50] [ModoBloqueado] La pantalla de bloqueo perdio el foco.
[2026-04-29 00:27:52] [ModoBloqueado] La pantalla de bloqueo recibio el foco.
[2026-04-29 00:27:52] [ModoBloqueado] Cierre confirmado durante el bloqueo.
[2026-04-29 00:27:52] [ModoBloqueado] La pantalla de bloqueo perdio el foco.
[2026-04-29 00:28:43] Logger inicializado en C:/Users/clara/OneDrive - UNIVERSIDAD BLAS PASCAL/Escritorio/UBP/POO/ejercicios/ejercicio8/codigo/logs/editor_multilenguaje.log
[2026-04-29 00:28:43] Aplicacion iniciada. Configuracion cargada desde C:/Users/clara/OneDrive - UNIVERSIDAD BLAS PASCAL/Escritorio/UBP/POO/ejercicios/ejercicio8/codigo/config/app.ini
[2026-04-29 00:28:43] [Login] Pantalla activada por el controlador.
[2026-04-29 00:29:04] [Login] Login fallido para admin. Intento 1 de 3.
[2026-04-29 00:29:04] [Login] Intento de login con campos incompletos.
[2026-04-29 00:29:04] [Login] Login fallido para admin. Intento 2 de 3.
[2026-04-29 00:29:04] [Login] Intento de login con campos incompletos.
[2026-04-29 00:29:05] [Login] Login fallido para admin. Intento 3 de 3.
[2026-04-29 00:29:05] [ModoBloqueado] Bloqueo iniciado por 15 segundos.
[2026-04-29 00:29:05] Se activa ModoBloqueado por 15 segundos.
[2026-04-29 00:29:05] [ModoBloqueado] Pantalla activada por el controlador.
[2026-04-29 00:29:05] [Login] Intento de login con campos incompletos.
[2026-04-29 00:29:05] [ModoBloqueado] La pantalla de bloqueo recibio el foco.
[2026-04-29 00:29:09] [ModoBloqueado] La pantalla de bloqueo perdio el foco.
[2026-04-29 00:29:10] [ModoBloqueado] La pantalla de bloqueo recibio el foco.
[2026-04-29 00:29:10] [ModoBloqueado] Cierre confirmado durante el bloqueo.
[2026-04-29 00:29:10] [ModoBloqueado] La pantalla de bloqueo perdio el foco.
[2026-04-29 00:30:19] Logger inicializado en C:/Users/clara/OneDrive - UNIVERSIDAD BLAS PASCAL/Escritorio/UBP/POO/ejercicios/ejercicio8/codigo/logs/editor_multilenguaje.log
[2026-04-29 00:30:19] Aplicacion iniciada. Configuracion cargada desde C:/Users/clara/OneDrive - UNIVERSIDAD BLAS PASCAL/Escritorio/UBP/POO/ejercicios/ejercicio8/codigo/config/app.ini
[2026-04-29 00:30:19] [Login] Pantalla activada por el controlador.
[2026-04-29 00:30:25] [Login] Login fallido para admin. Intento 1 de 3.
[2026-04-29 00:30:25] [Login] Intento de login con campos incompletos.
[2026-04-29 00:30:25] [Login] Login fallido para admin. Intento 2 de 3.
[2026-04-29 00:30:25] [Login] Intento de login con campos incompletos.
[2026-04-29 00:30:26] [Login] Login fallido para admin. Intento 3 de 3.
[2026-04-29 00:30:26] [ModoBloqueado] Bloqueo iniciado por 15 segundos.
[2026-04-29 00:30:26] Se activa ModoBloqueado por 15 segundos.
[2026-04-29 00:30:26] [ModoBloqueado] Pantalla activada por el controlador.
[2026-04-29 00:30:26] [Login] Intento de login con campos incompletos.
[2026-04-29 00:30:26] [ModoBloqueado] La pantalla de bloqueo recibio el foco.
[2026-04-29 00:30:28] [ModoBloqueado] La pantalla de bloqueo perdio el foco.
[2026-04-29 00:30:30] [ModoBloqueado] La pantalla de bloqueo recibio el foco.
[2026-04-29 00:30:30] [ModoBloqueado] Cierre confirmado durante el bloqueo.
[2026-04-29 00:30:30] [ModoBloqueado] La pantalla de bloqueo perdio el foco.
[2026-04-29 00:30:45] Logger inicializado en C:/Users/clara/OneDrive - UNIVERSIDAD BLAS PASCAL/Escritorio/UBP/POO/ejercicios/ejercicio8/codigo/logs/editor_multilenguaje.log
[2026-04-29 00:30:45] Aplicacion iniciada. Configuracion cargada desde C:/Users/clara/OneDrive - UNIVERSIDAD BLAS PASCAL/Escritorio/UBP/POO/ejercicios/ejercicio8/codigo/config/app.ini
[2026-04-29 00:30:45] [Login] Pantalla activada por el controlador.
[2026-04-29 00:31:04] [Login] Login fallido para admin. Intento 1 de 3.
[2026-04-29 00:31:04] [Login] Intento de login con campos incompletos.
[2026-04-29 00:31:05] [Login] Login fallido para admin. Intento 2 de 3.
[2026-04-29 00:31:05] [Login] Intento de login con campos incompletos.
[2026-04-29 00:31:05] [Login] Login fallido para admin. Intento 3 de 3.
[2026-04-29 00:31:05] [ModoBloqueado] Bloqueo iniciado por 15 segundos.
[2026-04-29 00:31:05] Se activa ModoBloqueado por 15 segundos.
[2026-04-29 00:31:05] [ModoBloqueado] Pantalla activada por el controlador.
[2026-04-29 00:31:05] [Login] Intento de login con campos incompletos.
[2026-04-29 00:31:05] [ModoBloqueado] La pantalla de bloqueo recibio el foco.
[2026-04-29 00:31:08] [ModoBloqueado] La pantalla de bloqueo perdio el foco.
[2026-04-29 00:31:09] [ModoBloqueado] La pantalla de bloqueo recibio el foco.
[2026-04-29 00:31:09] [ModoBloqueado] Cierre confirmado durante el bloqueo.
[2026-04-29 00:31:09] [ModoBloqueado] La pantalla de bloqueo perdio el foco.
[2026-04-29 00:31:28] Logger inicializado en C:/Users/clara/OneDrive - UNIVERSIDAD BLAS PASCAL/Escritorio/UBP/POO/ejercicios/ejercicio8/codigo/logs/editor_multilenguaje.log
[2026-04-29 00:31:28] Aplicacion iniciada. Configuracion cargada desde C:/Users/clara/OneDrive - UNIVERSIDAD BLAS PASCAL/Escritorio/UBP/POO/ejercicios/ejercicio8/codigo/config/app.ini
[2026-04-29 00:31:28] [Login] Pantalla activada por el controlador.
[2026-04-29 00:31:30] [Login] Login fallido para admin. Intento 1 de 3.
[2026-04-29 00:31:30] [Login] Intento de login con campos incompletos.
[2026-04-29 00:31:31] [Login] Login fallido para admin. Intento 2 de 3.
[2026-04-29 00:31:31] [Login] Intento de login con campos incompletos.
[2026-04-29 00:31:31] [Login] Login fallido para admin. Intento 3 de 3.
[2026-04-29 00:31:31] [ModoBloqueado] Bloqueo iniciado por 15 segundos.
[2026-04-29 00:31:31] Se activa ModoBloqueado por 15 segundos.
[2026-04-29 00:31:31] [ModoBloqueado] Pantalla activada por el controlador.
[2026-04-29 00:31:31] [Login] Intento de login con campos incompletos.
[2026-04-29 00:31:31] [ModoBloqueado] La pantalla de bloqueo recibio el foco.
[2026-04-29 00:31:34] [ModoBloqueado] La pantalla de bloqueo perdio el foco.
[2026-04-29 00:31:35] [ModoBloqueado] La pantalla de bloqueo recibio el foco.
[2026-04-29 00:31:35] [ModoBloqueado] Cierre confirmado durante el bloqueo.
[2026-04-29 00:31:35] [ModoBloqueado] La pantalla de bloqueo perdio el foco.
[2026-04-29 00:31:48] Logger inicializado en C:/Users/clara/OneDrive - UNIVERSIDAD BLAS PASCAL/Escritorio/UBP/POO/ejercicios/ejercicio8/codigo/logs/editor_multilenguaje.log
[2026-04-29 00:31:48] Aplicacion iniciada. Configuracion cargada desde C:/Users/clara/OneDrive - UNIVERSIDAD BLAS PASCAL/Escritorio/UBP/POO/ejercicios/ejercicio8/codigo/config/app.ini
[2026-04-29 00:31:48] [Login] Pantalla activada por el controlador.
[2026-04-29 00:31:50] [Login] Login fallido para admin. Intento 1 de 3.
[2026-04-29 00:31:50] [Login] Intento de login con campos incompletos.
[2026-04-29 00:31:51] [Login] Login fallido para admin. Intento 2 de 3.
[2026-04-29 00:31:51] [Login] Intento de login con campos incompletos.
[2026-04-29 00:31:51] [Login] Login fallido para admin. Intento 3 de 3.
[2026-04-29 00:31:51] [ModoBloqueado] Bloqueo iniciado por 15 segundos.
[2026-04-29 00:31:51] Se activa ModoBloqueado por 15 segundos.
[2026-04-29 00:31:51] [ModoBloqueado] Pantalla activada por el controlador.
[2026-04-29 00:31:51] [Login] Intento de login con campos incompletos.
[2026-04-29 00:31:51] [ModoBloqueado] La pantalla de bloqueo recibio el foco.
[2026-04-29 00:31:54] [ModoBloqueado] La pantalla de bloqueo perdio el foco.
[2026-04-29 00:31:55] [ModoBloqueado] La pantalla de bloqueo recibio el foco.
[2026-04-29 00:31:55] [ModoBloqueado] Cierre confirmado durante el bloqueo.
[2026-04-29 00:31:55] [ModoBloqueado] La pantalla de bloqueo perdio el foco.
[2026-04-29 00:32:17] Logger inicializado en C:/Users/clara/OneDrive - UNIVERSIDAD BLAS PASCAL/Escritorio/UBP/POO/ejercicios/ejercicio8/codigo/logs/editor_multilenguaje.log
[2026-04-29 00:32:17] Aplicacion iniciada. Configuracion cargada desde C:/Users/clara/OneDrive - UNIVERSIDAD BLAS PASCAL/Escritorio/UBP/POO/ejercicios/ejercicio8/codigo/config/app.ini
[2026-04-29 00:32:17] [Login] Pantalla activada por el controlador.
[2026-04-29 00:32:19] [Login] Login fallido para admin. Intento 1 de 3.
[2026-04-29 00:32:19] [Login] Intento de login con campos incompletos.
[2026-04-29 00:32:20] [Login] Login fallido para admin. Intento 2 de 3.
[2026-04-29 00:32:20] [Login] Intento de login con campos incompletos.
[2026-04-29 00:32:20] [Login] Login fallido para admin. Intento 3 de 3.
[2026-04-29 00:32:20] [ModoBloqueado] Bloqueo iniciado por 15 segundos.
[2026-04-29 00:32:20] Se activa ModoBloqueado por 15 segundos.
[2026-04-29 00:32:20] [ModoBloqueado] Pantalla activada por el controlador.
[2026-04-29 00:32:20] [Login] Intento de login con campos incompletos.
[2026-04-29 00:32:20] [ModoBloqueado] La pantalla de bloqueo recibio el foco.
[2026-04-29 00:32:25] [ModoBloqueado] La pantalla de bloqueo perdio el foco.
[2026-04-29 00:32:26] [ModoBloqueado] La pantalla de bloqueo recibio el foco.
[2026-04-29 00:32:26] [ModoBloqueado] Se cancelo el cierre durante el bloqueo.
[2026-04-29 00:32:28] [ModoBloqueado] La pantalla de bloqueo perdio el foco.
[2026-04-29 00:32:29] [ModoBloqueado] La pantalla de bloqueo recibio el foco.
[2026-04-29 00:32:29] [ModoBloqueado] Cierre confirmado durante el bloqueo.
[2026-04-29 00:32:29] [ModoBloqueado] La pantalla de bloqueo perdio el foco.
[2026-04-29 00:33:07] Logger inicializado en C:/Users/clara/OneDrive - UNIVERSIDAD BLAS PASCAL/Escritorio/UBP/POO/ejercicios/ejercicio8/codigo/logs/editor_multilenguaje.log
[2026-04-29 00:33:07] Aplicacion iniciada. Configuracion cargada desde C:/Users/clara/OneDrive - UNIVERSIDAD BLAS PASCAL/Escritorio/UBP/POO/ejercicios/ejercicio8/codigo/config/app.ini
[2026-04-29 00:33:07] [Login] Pantalla activada por el controlador.
[2026-04-29 00:33:15] [Login] Login fallido para admin. Intento 1 de 3.
[2026-04-29 00:33:15] [Login] Intento de login con campos incompletos.
[2026-04-29 00:33:15] [Login] Login fallido para admin. Intento 2 de 3.
[2026-04-29 00:33:15] [Login] Intento de login con campos incompletos.
[2026-04-29 00:33:15] [Login] Login fallido para admin. Intento 3 de 3.
[2026-04-29 00:33:15] [ModoBloqueado] Bloqueo iniciado por 15 segundos.
[2026-04-29 00:33:15] Se activa ModoBloqueado por 15 segundos.
[2026-04-29 00:33:15] [ModoBloqueado] Pantalla activada por el controlador.
[2026-04-29 00:33:15] [Login] Intento de login con campos incompletos.
[2026-04-29 00:33:15] [ModoBloqueado] La pantalla de bloqueo recibio el foco.
[2026-04-29 00:33:18] [ModoBloqueado] La pantalla de bloqueo perdio el foco.
[2026-04-29 00:33:19] [ModoBloqueado] La pantalla de bloqueo recibio el foco.
[2026-04-29 00:33:19] [ModoBloqueado] Cierre confirmado durante el bloqueo.
[2026-04-29 00:33:19] [ModoBloqueado] La pantalla de bloqueo perdio el foco.
[2026-04-29 00:33:36] Logger inicializado en C:/Users/clara/OneDrive - UNIVERSIDAD BLAS PASCAL/Escritorio/UBP/POO/ejercicios/ejercicio8/codigo/logs/editor_multilenguaje.log
[2026-04-29 00:33:36] Aplicacion iniciada. Configuracion cargada desde C:/Users/clara/OneDrive - UNIVERSIDAD BLAS PASCAL/Escritorio/UBP/POO/ejercicios/ejercicio8/codigo/config/app.ini
[2026-04-29 00:33:36] [Login] Pantalla activada por el controlador.
[2026-04-29 00:33:39] [Login] Cierre confirmado por el usuario.
[2026-04-29 00:34:42] Logger inicializado en C:/Users/clara/OneDrive - UNIVERSIDAD BLAS PASCAL/Escritorio/UBP/POO/ejercicios/ejercicio8/codigo/logs/editor_multilenguaje.log
[2026-04-29 00:34:42] Aplicacion iniciada. Configuracion cargada desde C:/Users/clara/OneDrive - UNIVERSIDAD BLAS PASCAL/Escritorio/UBP/POO/ejercicios/ejercicio8/codigo/config/app.ini
[2026-04-29 00:34:42] [Login] Pantalla activada por el controlador.
[2026-04-29 00:34:44] [Login] Login fallido para admin. Intento 1 de 3.
[2026-04-29 00:34:44] [Login] Intento de login con campos incompletos.
[2026-04-29 00:34:45] [Login] Login fallido para admin. Intento 2 de 3.
[2026-04-29 00:34:45] [Login] Intento de login con campos incompletos.
[2026-04-29 00:34:45] [Login] Login fallido para admin. Intento 3 de 3.
[2026-04-29 00:34:45] [ModoBloqueado] Bloqueo iniciado por 15 segundos.
[2026-04-29 00:34:45] Se activa ModoBloqueado por 15 segundos.
[2026-04-29 00:34:45] [ModoBloqueado] Pantalla activada por el controlador.
[2026-04-29 00:34:45] [Login] Intento de login con campos incompletos.
[2026-04-29 00:34:45] [ModoBloqueado] La pantalla de bloqueo recibio el foco.
[2026-04-29 00:34:50] [ModoBloqueado] La pantalla de bloqueo perdio el foco.
[2026-04-29 00:34:51] [ModoBloqueado] La pantalla de bloqueo recibio el foco.
[2026-04-29 00:34:51] [ModoBloqueado] Cierre confirmado durante el bloqueo.
[2026-04-29 00:34:51] [ModoBloqueado] La pantalla de bloqueo perdio el foco.
[2026-04-29 00:36:08] Logger inicializado en C:/Users/clara/OneDrive - UNIVERSIDAD BLAS PASCAL/Escritorio/UBP/POO/ejercicios/ejercicio8/codigo/logs/editor_multilenguaje.log
[2026-04-29 00:36:08] Aplicacion iniciada. Configuracion cargada desde C:/Users/clara/OneDrive - UNIVERSIDAD BLAS PASCAL/Escritorio/UBP/POO/ejercicios/ejercicio8/codigo/config/app.ini
[2026-04-29 00:36:08] [Login] Pantalla activada por el controlador.
[2026-04-29 00:36:09] [Login] Login fallido para admin. Intento 1 de 3.
[2026-04-29 00:36:09] [Login] Intento de login con campos incompletos.
[2026-04-29 00:36:10] [Login] Login fallido para admin. Intento 2 de 3.
[2026-04-29 00:36:10] [Login] Intento de login con campos incompletos.
[2026-04-29 00:36:10] [Login] Login fallido para admin. Intento 3 de 3.
[2026-04-29 00:36:10] [ModoBloqueado] Bloqueo iniciado por 15 segundos.
[2026-04-29 00:36:10] Se activa ModoBloqueado por 15 segundos.
[2026-04-29 00:36:10] [ModoBloqueado] Pantalla activada por el controlador.
[2026-04-29 00:36:10] [Login] Intento de login con campos incompletos.
[2026-04-29 00:36:10] [ModoBloqueado] La pantalla de bloqueo recibio el foco.
[2026-04-29 00:36:12] [ModoBloqueado] La pantalla de bloqueo perdio el foco.
[2026-04-29 00:36:13] [ModoBloqueado] La pantalla de bloqueo recibio el foco.
[2026-04-29 00:36:13] [ModoBloqueado] Cierre confirmado durante el bloqueo.
[2026-04-29 00:36:13] [ModoBloqueado] La pantalla de bloqueo perdio el foco.
[2026-04-29 00:37:27] Logger inicializado en C:/Users/clara/OneDrive - UNIVERSIDAD BLAS PASCAL/Escritorio/UBP/POO/ejercicios/ejercicio8/codigo/logs/editor_multilenguaje.log
[2026-04-29 00:37:27] Aplicacion iniciada. Configuracion cargada desde C:/Users/clara/OneDrive - UNIVERSIDAD BLAS PASCAL/Escritorio/UBP/POO/ejercicios/ejercicio8/codigo/config/app.ini
[2026-04-29 00:37:27] [Login] Pantalla activada por el controlador.
[2026-04-29 00:37:29] [Login] Login fallido para admin. Intento 1 de 3.
[2026-04-29 00:37:29] [Login] Intento de login con campos incompletos.
[2026-04-29 00:37:30] [Login] Login fallido para admin. Intento 2 de 3.
[2026-04-29 00:37:30] [Login] Intento de login con campos incompletos.
[2026-04-29 00:37:30] [Login] Login fallido para admin. Intento 3 de 3.
[2026-04-29 00:37:30] [ModoBloqueado] Bloqueo iniciado por 15 segundos.
[2026-04-29 00:37:30] Se activa ModoBloqueado por 15 segundos.
[2026-04-29 00:37:30] [ModoBloqueado] Pantalla activada por el controlador.
[2026-04-29 00:37:30] [Login] Intento de login con campos incompletos.
[2026-04-29 00:37:30] [ModoBloqueado] La pantalla de bloqueo recibio el foco.
[2026-04-29 00:37:34] [ModoBloqueado] La pantalla de bloqueo perdio el foco.
[2026-04-29 00:37:35] [ModoBloqueado] La pantalla de bloqueo recibio el foco.
[2026-04-29 00:37:35] [ModoBloqueado] Cierre confirmado durante el bloqueo.
[2026-04-29 00:37:35] [ModoBloqueado] La pantalla de bloqueo perdio el foco.
[2026-04-29 00:38:12] Logger inicializado en C:/Users/clara/OneDrive - UNIVERSIDAD BLAS PASCAL/Escritorio/UBP/POO/ejercicios/ejercicio8/codigo/logs/editor_multilenguaje.log
[2026-04-29 00:38:12] Aplicacion iniciada. Configuracion cargada desde C:/Users/clara/OneDrive - UNIVERSIDAD BLAS PASCAL/Escritorio/UBP/POO/ejercicios/ejercicio8/codigo/config/app.ini
[2026-04-29 00:38:12] [Login] Pantalla activada por el controlador.
[2026-04-29 00:38:14] [Login] Login fallido para admin. Intento 1 de 3.
[2026-04-29 00:38:14] [Login] Intento de login con campos incompletos.
[2026-04-29 00:38:14] [Login] Login fallido para admin. Intento 2 de 3.
[2026-04-29 00:38:14] [Login] Intento de login con campos incompletos.
[2026-04-29 00:38:15] [Login] Login fallido para admin. Intento 3 de 3.
[2026-04-29 00:38:15] [ModoBloqueado] Bloqueo iniciado por 15 segundos.
[2026-04-29 00:38:15] Se activa ModoBloqueado por 15 segundos.
[2026-04-29 00:38:15] [ModoBloqueado] Pantalla activada por el controlador.
[2026-04-29 00:38:15] [Login] Intento de login con campos incompletos.
[2026-04-29 00:38:15] [ModoBloqueado] La pantalla de bloqueo recibio el foco.
[2026-04-29 00:38:19] [ModoBloqueado] La pantalla de bloqueo perdio el foco.
[2026-04-29 00:38:20] [ModoBloqueado] La pantalla de bloqueo recibio el foco.
[2026-04-29 00:38:20] [ModoBloqueado] Cierre confirmado durante el bloqueo.
[2026-04-29 00:38:20] [ModoBloqueado] La pantalla de bloqueo perdio el foco.
[2026-04-29 00:38:57] Logger inicializado en C:/Users/clara/OneDrive - UNIVERSIDAD BLAS PASCAL/Escritorio/UBP/POO/ejercicios/ejercicio8/codigo/logs/editor_multilenguaje.log
[2026-04-29 00:38:57] Aplicacion iniciada. Configuracion cargada desde C:/Users/clara/OneDrive - UNIVERSIDAD BLAS PASCAL/Escritorio/UBP/POO/ejercicios/ejercicio8/codigo/config/app.ini
[2026-04-29 00:38:57] [Login] Pantalla activada por el controlador.
[2026-04-29 00:39:00] [Login] Login fallido para admin. Intento 1 de 3.
[2026-04-29 00:39:00] [Login] Intento de login con campos incompletos.
[2026-04-29 00:39:01] [Login] Login fallido para admin. Intento 2 de 3.
[2026-04-29 00:39:01] [Login] Intento de login con campos incompletos.
[2026-04-29 00:39:01] [Login] Login fallido para admin. Intento 3 de 3.
[2026-04-29 00:39:01] [ModoBloqueado] Bloqueo iniciado por 15 segundos.
[2026-04-29 00:39:01] Se activa ModoBloqueado por 15 segundos.
[2026-04-29 00:39:01] [ModoBloqueado] Pantalla activada por el controlador.
[2026-04-29 00:39:01] [Login] Intento de login con campos incompletos.
[2026-04-29 00:39:01] [ModoBloqueado] La pantalla de bloqueo recibio el foco.
[2026-04-29 00:39:03] [ModoBloqueado] La pantalla de bloqueo perdio el foco.
[2026-04-29 00:39:05] [ModoBloqueado] La pantalla de bloqueo recibio el foco.
[2026-04-29 00:39:05] [ModoBloqueado] Cierre confirmado durante el bloqueo.
[2026-04-29 00:39:05] [ModoBloqueado] La pantalla de bloqueo perdio el foco.
[2026-04-29 00:44:10] Logger inicializado en C:/Users/clara/OneDrive - UNIVERSIDAD BLAS PASCAL/Escritorio/UBP/POO/ejercicios/ejercicio8/codigo/logs/editor_multilenguaje.log
[2026-04-29 00:44:10] Aplicacion iniciada. Configuracion cargada desde C:/Users/clara/OneDrive - UNIVERSIDAD BLAS PASCAL/Escritorio/UBP/POO/ejercicios/ejercicio8/codigo/config/app.ini
[2026-04-29 00:44:10] [Login] Pantalla activada por el controlador.
[2026-04-29 00:44:17] [Login] La pantalla recibio el foco.
[2026-04-29 00:44:20] [Login] La pantalla perdio el foco.
[2026-04-29 00:44:21] [Login] La pantalla recibio el foco.
[2026-04-29 00:44:21] [Login] La pantalla perdio el foco.
[2026-04-29 00:44:25] [Login] Login fallido para admin. Intento 1 de 3.
[2026-04-29 00:44:25] [Login] La pantalla recibio el foco.
[2026-04-29 00:44:25] [Login] La pantalla perdio el foco.
[2026-04-29 00:44:33] [Login] Login fallido para admin. Intento 2 de 3.
[2026-04-29 00:44:33] [Login] Intento de login con campos incompletos.
[2026-04-29 00:44:34] [Login] Login fallido para admin. Intento 3 de 3.
[2026-04-29 00:44:34] [ModoBloqueado] Bloqueo iniciado por 15 segundos.
[2026-04-29 00:44:34] Se activa ModoBloqueado por 15 segundos.
[2026-04-29 00:44:34] [ModoBloqueado] Pantalla activada por el controlador.
[2026-04-29 00:44:34] [Login] Intento de login con campos incompletos.
[2026-04-29 00:44:34] [ModoBloqueado] La pantalla de bloqueo recibio el foco.
[2026-04-29 00:44:36] [ModoBloqueado] La pantalla de bloqueo perdio el foco.
[2026-04-29 00:44:37] [ModoBloqueado] La pantalla de bloqueo recibio el foco.
[2026-04-29 00:44:37] [ModoBloqueado] La pantalla de bloqueo perdio el foco.
[2026-04-29 00:44:42] [ModoBloqueado] La pantalla de bloqueo recibio el foco.
[2026-04-29 00:44:45] [ModoBloqueado] La pantalla de bloqueo perdio el foco.
[2026-04-29 00:44:46] [ModoBloqueado] La pantalla de bloqueo recibio el foco.
[2026-04-29 00:44:49] [ModoBloqueado] El bloqueo temporal finalizo.
[2026-04-29 00:44:49] [Login] Formulario restaurado despues del bloqueo.
[2026-04-29 00:44:49] Finalizo el bloqueo temporal. Vuelve la pantalla de login.
[2026-04-29 00:44:49] [Login] Pantalla activada por el controlador.
[2026-04-29 00:44:49] [ModoBloqueado] La pantalla de bloqueo perdio el foco.
[2026-04-29 00:44:53] [Login] Login exitoso para admin.
[2026-04-29 00:44:53] Login valido para el usuario admin. Se abre el editor en pantalla completa.
[2026-04-29 00:44:53] [EditorPrincipal] Pantalla activada por el controlador.
[2026-04-29 00:45:09] [EditorPrincipal] Se presiono el boton de cierre del editor.
[2026-04-29 00:45:11] [EditorPrincipal] Cierre confirmado desde el editor.
[2026-04-29 00:46:23] Logger inicializado en C:/Users/clara/OneDrive - UNIVERSIDAD BLAS PASCAL/Escritorio/UBP/POO/ejercicios/ejercicio8/codigo/logs/editor_multilenguaje.log
[2026-04-29 00:46:23] Aplicacion iniciada. Configuracion cargada desde C:/Users/clara/OneDrive - UNIVERSIDAD BLAS PASCAL/Escritorio/UBP/POO/ejercicios/ejercicio8/codigo/config/app.ini
[2026-04-29 00:46:23] [Login] Pantalla activada por el controlador.
[2026-04-29 00:46:37] [Login] Login fallido para admin. Intento 1 de 3.
[2026-04-29 00:46:37] [Login] La pantalla recibio el foco.
[2026-04-29 00:46:37] [Login] La pantalla perdio el foco.
[2026-04-29 00:46:41] [Login] Login exitoso para admin.
[2026-04-29 00:46:41] Login valido para el usuario admin. Se abre el editor en pantalla completa.
[2026-04-29 00:46:41] [EditorPrincipal] Pantalla activada por el controlador.
[2026-04-29 00:46:55] [EditorPrincipal] Error de sintaxis en linea 4: Parece una declaracion o asignacion de C++ y deberia terminar con ';'.
[2026-04-29 00:47:01] [EditorPrincipal] Se presiono el boton de cierre del editor.
[2026-04-29 00:47:02] [EditorPrincipal] Codigo exportado a C:/Users/clara/OneDrive - UNIVERSIDAD BLAS PASCAL/Escritorio/UBP/POO/ejercicios/ejercicio8/codigo/exports/codigo_cpp_20260429_004702.jpg.
[2026-04-29 00:47:02] [EditorPrincipal] Cierre confirmado desde el editor.
[2026-04-30 20:46:52] Logger inicializado en C:/Users/clara/OneDrive - UNIVERSIDAD BLAS PASCAL/Escritorio/UBP/POO/ejercicios/ejercicio8/codigo/logs/editor_multilenguaje.log
[2026-04-30 20:46:52] Aplicacion iniciada. Configuracion cargada desde C:/Users/clara/OneDrive - UNIVERSIDAD BLAS PASCAL/Escritorio/UBP/POO/ejercicios/ejercicio8/codigo/config/app.ini
[2026-04-30 20:46:52] [Login] Pantalla activada por el controlador.
[2026-04-30 20:47:54] [Login] Login exitoso para admin.
[2026-04-30 20:47:54] Login valido para el usuario admin. Se abre el editor en pantalla completa.
[2026-04-30 20:47:54] [EditorPrincipal] Pantalla activada por el controlador.
[2026-04-30 20:48:01] [EditorPrincipal] Error de sintaxis en linea 11: expected ';' before '}' token
[2026-04-30 20:48:15] [EditorPrincipal] La linea 11 volvio a ser valida para C++.
[2026-04-30 20:48:20] [EditorPrincipal] Error de sintaxis en linea 9: found ':' in nested-name-specifier, expected '::'
[2026-04-30 20:48:33] [EditorPrincipal] La linea 9 volvio a ser valida para C++.
[2026-04-30 20:48:38] [EditorPrincipal] Error de sintaxis en linea 7: 'cou' is not a member of 'std'; did you mean 'cout'?
[2026-04-30 20:48:47] [EditorPrincipal] La linea 7 volvio a ser valida para C++.
[2026-04-30 20:48:52] [EditorPrincipal] Error de sintaxis en linea 11: 'hla' was not declared in this scope
[2026-04-30 20:49:07] [EditorPrincipal] Error de sintaxis en linea 11: return-statement with no value, in function returning 'int' [-fpermissive]
[2026-04-30 20:49:07] [EditorPrincipal] Se presiono el boton de cierre del editor.
[2026-04-30 20:49:08] [EditorPrincipal] Codigo exportado a C:/Users/clara/OneDrive - UNIVERSIDAD BLAS PASCAL/Escritorio/UBP/POO/ejercicios/ejercicio8/codigo/exports/codigo_cpp_20260430_204908.jpg.
[2026-04-30 20:49:08] [EditorPrincipal] Cierre confirmado desde el editor.
[2026-05-04 15:33:21] Logger inicializado en C:/Users/clara/OneDrive - UNIVERSIDAD BLAS PASCAL/Escritorio/UBP/POO/ejercicios/ejercicio8/codigo/logs/editor_multilenguaje.log
[2026-05-04 15:33:21] Aplicacion iniciada. Configuracion cargada desde C:/Users/clara/OneDrive - UNIVERSIDAD BLAS PASCAL/Escritorio/UBP/POO/ejercicios/ejercicio8/codigo/config/app.ini
[2026-05-04 15:33:21] [Login] Pantalla activada por el controlador.
[2026-05-04 15:33:28] [Login] Login fallido para admin. Intento 1 de 3.
[2026-05-04 15:33:28] [Login] Intento de login con campos incompletos.
[2026-05-04 15:33:32] [Login] Login exitoso para admin.
[2026-05-04 15:33:32] Login valido para el usuario admin. Se abre el editor en pantalla completa.
[2026-05-04 15:33:32] [EditorPrincipal] Pantalla activada por el controlador.
[2026-05-04 15:33:32] [Login] Login exitoso para admin.
[2026-05-04 15:33:32] Login valido para el usuario admin. Se abre el editor en pantalla completa.
[2026-05-04 15:33:32] [EditorPrincipal] Pantalla activada por el controlador.
[2026-05-04 15:33:42] [EditorPrincipal] Error de sintaxis en linea 12: expected '}' at end of input
[2026-05-04 15:33:45] [EditorPrincipal] Error de sintaxis en linea 11: expected ';' before '}' token
[2026-05-04 15:33:55] [EditorPrincipal] La linea 11 volvio a ser valida para C++.
[2026-05-04 15:33:55] [EditorPrincipal] Se presiono el boton de cierre del editor.
[2026-05-04 15:33:58] [EditorPrincipal] Codigo exportado a C:/Users/clara/OneDrive - UNIVERSIDAD BLAS PASCAL/Escritorio/UBP/POO/ejercicios/ejercicio8/codigo/exports/codigo_cpp_20260504_153358.jpg.
[2026-05-04 15:33:58] [EditorPrincipal] Cierre confirmado desde el editor.
